<?xml version="1.0" encoding="UTF-8"?>
<robot generator="Robot 3.0.4 (Python 3.6.5 on win32)" generated="20180716 07:48:30.016">
<suite id="s1" name="SampleRobotProj" source="C:\Users\rdurgam\git\SampleRobotProj\SampleRobotProj">
<suite id="s1-s1" name="Tests" source="C:\Users\rdurgam\git\SampleRobotProj\SampleRobotProj\tests">
<suite id="s1-s1-s1" name="Conditions" source="C:\Users\rdurgam\git\SampleRobotProj\SampleRobotProj\tests\Conditions">
<suite id="s1-s1-s1-s1" name="IfConditions" source="C:\Users\rdurgam\git\SampleRobotProj\SampleRobotProj\tests\Conditions\IfConditions.robot">
<test id="s1-s1-s1-s1-t1" name="Run-Keyword">
<kw name="Set Variable" library="BuiltIn">
<doc>Returns the given values which can then be assigned to a variables.</doc>
<arguments>
<arg>Log</arg>
</arguments>
<assign>
<var>${MY_KEYWORD}</var>
</assign>
<msg timestamp="20180716 07:48:30.088" level="INFO">${MY_KEYWORD} = Log</msg>
<status status="PASS" starttime="20180716 07:48:30.088" endtime="20180716 07:48:30.088"></status>
</kw>
<kw name="Run Keyword" library="BuiltIn">
<doc>Executes the given keyword with the given arguments.</doc>
<arguments>
<arg>${MY_KEYWORD}</arg>
<arg>Test</arg>
</arguments>
<kw name="Log" library="BuiltIn">
<doc>Logs the given message with the given level.</doc>
<arguments>
<arg>Test</arg>
</arguments>
<msg timestamp="20180716 07:48:30.089" level="INFO">Test</msg>
<status status="PASS" starttime="20180716 07:48:30.089" endtime="20180716 07:48:30.090"></status>
</kw>
<status status="PASS" starttime="20180716 07:48:30.089" endtime="20180716 07:48:30.090"></status>
</kw>
<status status="PASS" starttime="20180716 07:48:30.087" endtime="20180716 07:48:30.090" critical="yes"></status>
</test>
<status status="PASS" starttime="20180716 07:48:30.084" endtime="20180716 07:48:30.091"></status>
</suite>
<status status="PASS" starttime="20180716 07:48:30.082" endtime="20180716 07:48:30.092"></status>
</suite>
<status status="PASS" starttime="20180716 07:48:30.079" endtime="20180716 07:48:30.093"></status>
</suite>
<status status="PASS" starttime="20180716 07:48:30.055" endtime="20180716 07:48:30.094"></status>
</suite>
<statistics>
<total>
<stat pass="1" fail="0">Critical Tests</stat>
<stat pass="1" fail="0">All Tests</stat>
</total>
<tag>
</tag>
<suite>
<stat pass="1" fail="0" id="s1" name="SampleRobotProj">SampleRobotProj</stat>
<stat pass="1" fail="0" id="s1-s1" name="Tests">SampleRobotProj.Tests</stat>
<stat pass="1" fail="0" id="s1-s1-s1" name="Conditions">SampleRobotProj.Tests.Conditions</stat>
<stat pass="1" fail="0" id="s1-s1-s1-s1" name="IfConditions">SampleRobotProj.Tests.Conditions.IfConditions</stat>
</suite>
</statistics>
<errors>
</errors>
</robot>
